c:\users\usuariolocal\desktop\portafolio taller\proyecto\micodigo\efk\efk\debug\vc142.pdb
c:\users\usuariolocal\desktop\portafolio taller\proyecto\micodigo\efk\efk\debug\vc142.idb
c:\users\usuariolocal\desktop\portafolio taller\proyecto\micodigo\efk\efk\debug\hgibbs.obj
c:\users\usuariolocal\desktop\portafolio taller\proyecto\micodigo\efk\efk\debug\g_accelharmonic.obj
c:\users\usuariolocal\desktop\portafolio taller\proyecto\micodigo\efk\efk\debug\gmst.obj
c:\users\usuariolocal\desktop\portafolio taller\proyecto\micodigo\efk\efk\debug\ghamatrix.obj
c:\users\usuariolocal\desktop\portafolio taller\proyecto\micodigo\efk\efk\debug\geodetic.obj
c:\users\usuariolocal\desktop\portafolio taller\proyecto\micodigo\efk\efk\debug\gast.obj
c:\users\usuariolocal\desktop\portafolio taller\proyecto\micodigo\efk\efk\debug\funcionesmatlab.obj
c:\users\usuariolocal\desktop\portafolio taller\proyecto\micodigo\efk\efk\debug\frac.obj
c:\users\usuariolocal\desktop\portafolio taller\proyecto\micodigo\efk\efk\debug\eqnequinox.obj
c:\users\usuariolocal\desktop\portafolio taller\proyecto\micodigo\efk\efk\debug\elements.obj
c:\users\usuariolocal\desktop\portafolio taller\proyecto\micodigo\efk\efk\debug\eccanom.obj
c:\users\usuariolocal\desktop\portafolio taller\proyecto\micodigo\efk\efk\debug\doubler.obj
c:\users\usuariolocal\desktop\portafolio taller\proyecto\micodigo\efk\efk\debug\cheb3d.obj
c:\users\usuariolocal\desktop\portafolio taller\proyecto\micodigo\efk\efk\debug\azelpa.obj
c:\users\usuariolocal\desktop\portafolio taller\proyecto\micodigo\efk\efk\debug\array.obj
c:\users\usuariolocal\desktop\portafolio taller\proyecto\micodigo\efk\efk\debug\anglesdr.obj
c:\users\usuariolocal\desktop\portafolio taller\proyecto\micodigo\efk\efk\debug\angl.obj
c:\users\usuariolocal\desktop\portafolio taller\proyecto\micodigo\efk\efk\debug\accelpointmass.obj
c:\users\usuariolocal\desktop\portafolio taller\proyecto\micodigo\efk\efk\debug\accelharmonic.obj
c:\users\usuariolocal\desktop\portafolio taller\proyecto\micodigo\efk\efk\debug\accel.obj
c:\users\usuariolocal\desktop\portafolio taller\proyecto\micodigo\efk\efk\debug\testfracc.obj
c:\users\usuariolocal\desktop\portafolio taller\proyecto\micodigo\efk\efk\debug\sign_.obj
c:\users\usuariolocal\desktop\portafolio taller\proyecto\micodigo\efk\efk\debug\r_z.obj
c:\users\usuariolocal\desktop\portafolio taller\proyecto\micodigo\efk\efk\debug\r_y.obj
c:\users\usuariolocal\desktop\portafolio taller\proyecto\micodigo\efk\efk\debug\r_x.obj
c:\users\usuariolocal\desktop\portafolio taller\proyecto\micodigo\efk\efk\debug\precmatrix.obj
c:\users\usuariolocal\desktop\portafolio taller\proyecto\micodigo\efk\efk\debug\position.obj
c:\users\usuariolocal\desktop\portafolio taller\proyecto\micodigo\efk\efk\debug\polematrix.obj
c:\users\usuariolocal\desktop\portafolio taller\proyecto\micodigo\efk\efk\debug\ode_test.obj
c:\users\usuariolocal\desktop\portafolio taller\proyecto\micodigo\efk\efk\debug\nutmatrix.obj
c:\users\usuariolocal\desktop\portafolio taller\proyecto\micodigo\efk\efk\debug\nutangles.obj
c:\users\usuariolocal\desktop\portafolio taller\proyecto\micodigo\efk\efk\debug\mjday_tdb.obj
c:\users\usuariolocal\desktop\portafolio taller\proyecto\micodigo\efk\efk\debug\mjday.obj
c:\users\usuariolocal\desktop\portafolio taller\proyecto\micodigo\efk\efk\debug\measupdate.obj
c:\users\usuariolocal\desktop\portafolio taller\proyecto\micodigo\efk\efk\debug\meanobliquity.obj
c:\users\usuariolocal\desktop\portafolio taller\proyecto\micodigo\efk\efk\debug\main.obj
c:\users\usuariolocal\desktop\portafolio taller\proyecto\micodigo\efk\efk\debug\ltc.obj
c:\users\usuariolocal\desktop\portafolio taller\proyecto\micodigo\efk\efk\debug\legendre.obj
c:\users\usuariolocal\desktop\portafolio taller\proyecto\micodigo\efk\efk\debug\jpl_eph_de430.obj
c:\users\usuariolocal\desktop\portafolio taller\proyecto\micodigo\efk\efk\debug\iers.obj
c:\users\usuariolocal\desktop\portafolio taller\proyecto\micodigo\efk\efk\debug\vareqn.obj
c:\users\usuariolocal\desktop\portafolio taller\proyecto\micodigo\efk\efk\debug\unit.obj
c:\users\usuariolocal\desktop\portafolio taller\proyecto\micodigo\efk\efk\debug\timeupdate.obj
c:\users\usuariolocal\desktop\portafolio taller\proyecto\micodigo\efk\efk\debug\timediff.obj
c:\users\usuariolocal\desktop\portafolio taller\proyecto\micodigo\efk\efk\debug\testiod_kf.obj
c:\users\usuariolocal\desktop\portafolio taller\proyecto\micodigo\efk\debug\efk.pdb
c:\users\usuariolocal\desktop\portafolio taller\proyecto\micodigo\efk\efk\debug\efk.tlog\cl.command.1.tlog
c:\users\usuariolocal\desktop\portafolio taller\proyecto\micodigo\efk\efk\debug\efk.tlog\cl.read.1.tlog
c:\users\usuariolocal\desktop\portafolio taller\proyecto\micodigo\efk\efk\debug\efk.tlog\cl.write.1.tlog
c:\users\usuariolocal\desktop\portafolio taller\proyecto\micodigo\efk\efk\debug\efk.tlog\link-cvtres.read.1.tlog
c:\users\usuariolocal\desktop\portafolio taller\proyecto\micodigo\efk\efk\debug\efk.tlog\link-cvtres.write.1.tlog
c:\users\usuariolocal\desktop\portafolio taller\proyecto\micodigo\efk\efk\debug\efk.tlog\link-rc.read.1.tlog
c:\users\usuariolocal\desktop\portafolio taller\proyecto\micodigo\efk\efk\debug\efk.tlog\link-rc.write.1.tlog
c:\users\usuariolocal\desktop\portafolio taller\proyecto\micodigo\efk\efk\debug\efk.tlog\link.command.1.tlog
c:\users\usuariolocal\desktop\portafolio taller\proyecto\micodigo\efk\efk\debug\efk.tlog\link.read.1.tlog
c:\users\usuariolocal\desktop\portafolio taller\proyecto\micodigo\efk\efk\debug\efk.tlog\link.write.1.tlog
