  main.c
C:\Users\usuariolocal\Desktop\Portafolio Taller\Proyecto\Micodigo\efk\efk\main.c(28,17): warning C4091: 'extern ': se ha omitido a la izquierda de 'Param' cuando no hay ninguna variable declarada
C:\Users\usuariolocal\Desktop\Portafolio Taller\Proyecto\Micodigo\efk\efk\main.c(56,24): warning C4477: 'fscanf' : la cadena de formato '%lf' requiere un argumento de tipo 'double *', pero el argumento variádico 6 tiene el tipo 'double'
C:\Users\usuariolocal\Desktop\Portafolio Taller\Proyecto\Micodigo\efk\efk\main.c(89,16): warning C4013: 'strncpy' sin definir; se supone que extern devuelve como resultado int
C:\Users\usuariolocal\Desktop\Portafolio Taller\Proyecto\Micodigo\efk\efk\main.c(126,46): warning C4244: 'función': conversión de 'double' a 'int'; posible pérdida de datos
C:\Users\usuariolocal\Desktop\Portafolio Taller\Proyecto\Micodigo\efk\efk\main.c(172,16): warning C4013: 'DEInteg' sin definir; se supone que extern devuelve como resultado int
C:\Users\usuariolocal\Desktop\Portafolio Taller\Proyecto\Micodigo\efk\efk\main.c(225,41): warning C4244: '=': conversión de 'double' a 'int'; posible pérdida de datos
C:\Users\usuariolocal\Desktop\Portafolio Taller\Proyecto\Micodigo\efk\efk\main.c(228,64): warning C4020: 'timediff': hay demasiados parámetros reales
C:\Users\usuariolocal\Desktop\Portafolio Taller\Proyecto\Micodigo\efk\efk\main.c(239,39): warning C4047: '=': 'double *' es distinto en los niveles de direccionamiento indirecto de 'int'
C:\Users\usuariolocal\Desktop\Portafolio Taller\Proyecto\Micodigo\efk\efk\main.c(245,70): warning C4047: '=': 'double **' es distinto en los niveles de direccionamiento indirecto de 'int'
C:\Users\usuariolocal\Desktop\Portafolio Taller\Proyecto\Micodigo\efk\efk\main.c(267,32): warning C4047: 'función': 'double **' es distinto en los niveles de direccionamiento indirecto de 'double *'
C:\Users\usuariolocal\Desktop\Portafolio Taller\Proyecto\Micodigo\efk\efk\main.c(267,29): warning C4024: 'TimeUpdate': tipos distintos para el parámetro formal y el parámetro real 2
C:\Users\usuariolocal\Desktop\Portafolio Taller\Proyecto\Micodigo\efk\efk\main.c(270,20): warning C4133: 'función': tipos incompatibles, de 'char [7]' a 'double *'
C:\Users\usuariolocal\Desktop\Portafolio Taller\Proyecto\Micodigo\efk\efk\main.c(286,18): warning C4133: 'función': tipos incompatibles, de 'char [7]' a 'double *'
C:\Users\usuariolocal\Desktop\Portafolio Taller\Proyecto\Micodigo\efk\efk\main.c(299,25): warning C4133: 'función': tipos incompatibles, de 'char [7]' a 'double *'
C:\Users\usuariolocal\Desktop\Portafolio Taller\Proyecto\Micodigo\efk\efk\main.c(311,60): warning C4020: 'timediff': hay demasiados parámetros reales
C:\Users\usuariolocal\Desktop\Portafolio Taller\Proyecto\Micodigo\efk\efk\main.c(221,1): warning C4047: 'inicializando': 'double **' es distinto en los niveles de direccionamiento indirecto de 'int'
C:\Users\usuariolocal\Desktop\Portafolio Taller\Proyecto\Micodigo\efk\efk\main.c(252,1): warning C4047: 'inicializando': 'double *' es distinto en los niveles de direccionamiento indirecto de 'int'
C:\Users\usuariolocal\Desktop\Portafolio Taller\Proyecto\Micodigo\efk\efk\main.c(316,1): warning C4047: 'inicializando': 'double *' es distinto en los niveles de direccionamiento indirecto de 'int'
C:\Users\usuariolocal\Desktop\Portafolio Taller\Proyecto\Micodigo\efk\efk\main.c(272,19): warning C4101: 'K': variable local sin referencia
quartic.obj : error LNK2005: ya se definió _main en main.obj
testCheb3D.obj : error LNK2005: ya se definió _main en main.obj
testDoubler.obj : error LNK2005: ya se definió _tests_run en testCheb3D.obj
testDoubler.obj : error LNK2005: ya se definió _main en main.obj
testDoubler.obj : error LNK2005: ya se definió _all_tests en testCheb3D.obj
testDoubler.obj : error LNK2005: ya se definió _esIgual en testCheb3D.obj
testEccanom.obj : error LNK2005: ya se definió _tests_run en testCheb3D.obj
testEccanom.obj : error LNK2005: ya se definió _main en main.obj
testEccanom.obj : error LNK2005: ya se definió _all_tests en testCheb3D.obj
testEccanom.obj : error LNK2005: ya se definió _esIgual en testCheb3D.obj
testEqnequinox.obj : error LNK2005: ya se definió _tests_run en testCheb3D.obj
testEqnequinox.obj : error LNK2005: ya se definió _main en main.obj
testEqnequinox.obj : error LNK2005: ya se definió _all_tests en testCheb3D.obj
testEqnequinox.obj : error LNK2005: ya se definió _esIgual en testCheb3D.obj
testFracc.obj : error LNK2005: ya se definió _tests_run en testCheb3D.obj
testFracc.obj : error LNK2005: ya se definió _main en main.obj
testFracc.obj : error LNK2005: ya se definió _esIgual en testCheb3D.obj
testFracc.obj : error LNK2005: ya se definió _all_tests en testCheb3D.obj
testGast.obj : error LNK2005: ya se definió _tests_run en testCheb3D.obj
testGast.obj : error LNK2005: ya se definió _main en main.obj
testGast.obj : error LNK2005: ya se definió _all_tests en testCheb3D.obj
testGast.obj : error LNK2005: ya se definió _esIgual en testCheb3D.obj
testGmst.obj : error LNK2005: ya se definió _tests_run en testCheb3D.obj
testGmst.obj : error LNK2005: ya se definió _main en main.obj
testGmst.obj : error LNK2005: ya se definió _all_tests en testCheb3D.obj
testGmst.obj : error LNK2005: ya se definió _esIgual en testCheb3D.obj
testLegendre.obj : error LNK2005: ya se definió _tests_run en testCheb3D.obj
testLegendre.obj : error LNK2005: ya se definió _main en main.obj
testLegendre.obj : error LNK2005: ya se definió _all_tests en testCheb3D.obj
testLegendre.obj : error LNK2005: ya se definió _esIgual en testCheb3D.obj
VariosTest.obj : error LNK2005: ya se definió _tests_run en testCheb3D.obj
VariosTest.obj : error LNK2005: ya se definió _main en main.obj
VariosTest.obj : error LNK2005: ya se definió _all_tests en testCheb3D.obj
testR_x.obj : error LNK2005: ya se definió _tests_run en testCheb3D.obj
testR_x.obj : error LNK2005: ya se definió _main en main.obj
testR_x.obj : error LNK2005: ya se definió _all_tests en testCheb3D.obj
testR_y.obj : error LNK2005: ya se definió _tests_run en testCheb3D.obj
testR_y.obj : error LNK2005: ya se definió _main en main.obj
testR_y.obj : error LNK2005: ya se definió _all_tests en testCheb3D.obj
testR_z.obj : error LNK2005: ya se definió _tests_run en testCheb3D.obj
testR_z.obj : error LNK2005: ya se definió _main en main.obj
testR_z.obj : error LNK2005: ya se definió _all_tests en testCheb3D.obj
testTimediff.obj : error LNK2005: ya se definió _tests_run en testCheb3D.obj
testTimediff.obj : error LNK2005: ya se definió _main en main.obj
testTimediff.obj : error LNK2005: ya se definió _all_tests en testCheb3D.obj
testTimediff.obj : error LNK2005: ya se definió _esIgual en testCheb3D.obj
testUnit.obj : error LNK2005: ya se definió _tests_run en testCheb3D.obj
testUnit.obj : error LNK2005: ya se definió _main en main.obj
testUnit.obj : error LNK2005: ya se definió _all_tests en testCheb3D.obj
anglesg.obj : error LNK2001: símbolo externo _isreal sin resolver
hgibbs.obj : error LNK2001: símbolo externo _crossProd sin resolver
main.obj : error LNK2001: símbolo externo _DEInteg sin resolver
main.obj : error LNK2001: símbolo externo _n_eqn sin resolver
ode_test.obj : error LNK2001: símbolo externo _ode sin resolver
C:\Users\usuariolocal\Desktop\Portafolio Taller\Proyecto\Micodigo\efk\Release\efk.exe : fatal error LNK1120: 5 externos sin resolver
