c:\users\usuariolocal\desktop\portafolio taller\proyecto\micodigo\efk\efk\release\vc142.pdb
c:\users\usuariolocal\desktop\portafolio taller\proyecto\micodigo\efk\efk\release\g_accelharmonic.obj
c:\users\usuariolocal\desktop\portafolio taller\proyecto\micodigo\efk\efk\release\gmst.obj
c:\users\usuariolocal\desktop\portafolio taller\proyecto\micodigo\efk\efk\release\ghamatrix.obj
c:\users\usuariolocal\desktop\portafolio taller\proyecto\micodigo\efk\efk\release\geodetic.obj
c:\users\usuariolocal\desktop\portafolio taller\proyecto\micodigo\efk\efk\release\gast.obj
c:\users\usuariolocal\desktop\portafolio taller\proyecto\micodigo\efk\efk\release\funcionesmatlab.obj
c:\users\usuariolocal\desktop\portafolio taller\proyecto\micodigo\efk\efk\release\frac.obj
c:\users\usuariolocal\desktop\portafolio taller\proyecto\micodigo\efk\efk\release\eqnequinox.obj
c:\users\usuariolocal\desktop\portafolio taller\proyecto\micodigo\efk\efk\release\elements.obj
c:\users\usuariolocal\desktop\portafolio taller\proyecto\micodigo\efk\efk\release\eccanom.obj
c:\users\usuariolocal\desktop\portafolio taller\proyecto\micodigo\efk\efk\release\doubler.obj
c:\users\usuariolocal\desktop\portafolio taller\proyecto\micodigo\efk\efk\release\cheb3d.obj
c:\users\usuariolocal\desktop\portafolio taller\proyecto\micodigo\efk\efk\release\azelpa.obj
c:\users\usuariolocal\desktop\portafolio taller\proyecto\micodigo\efk\efk\release\array.obj
c:\users\usuariolocal\desktop\portafolio taller\proyecto\micodigo\efk\efk\release\anglesdr.obj
c:\users\usuariolocal\desktop\portafolio taller\proyecto\micodigo\efk\efk\release\angl.obj
c:\users\usuariolocal\desktop\portafolio taller\proyecto\micodigo\efk\efk\release\accelpointmass.obj
c:\users\usuariolocal\desktop\portafolio taller\proyecto\micodigo\efk\efk\release\accelharmonic.obj
c:\users\usuariolocal\desktop\portafolio taller\proyecto\micodigo\efk\efk\release\accel.obj
c:\users\usuariolocal\desktop\portafolio taller\proyecto\micodigo\efk\efk\release\testfracc.obj
c:\users\usuariolocal\desktop\portafolio taller\proyecto\micodigo\efk\efk\release\sign_.obj
c:\users\usuariolocal\desktop\portafolio taller\proyecto\micodigo\efk\efk\release\r_z.obj
c:\users\usuariolocal\desktop\portafolio taller\proyecto\micodigo\efk\efk\release\r_y.obj
c:\users\usuariolocal\desktop\portafolio taller\proyecto\micodigo\efk\efk\release\r_x.obj
c:\users\usuariolocal\desktop\portafolio taller\proyecto\micodigo\efk\efk\release\precmatrix.obj
c:\users\usuariolocal\desktop\portafolio taller\proyecto\micodigo\efk\efk\release\position.obj
c:\users\usuariolocal\desktop\portafolio taller\proyecto\micodigo\efk\efk\release\polematrix.obj
c:\users\usuariolocal\desktop\portafolio taller\proyecto\micodigo\efk\efk\release\ode_test.obj
c:\users\usuariolocal\desktop\portafolio taller\proyecto\micodigo\efk\efk\release\nutmatrix.obj
c:\users\usuariolocal\desktop\portafolio taller\proyecto\micodigo\efk\efk\release\nutangles.obj
c:\users\usuariolocal\desktop\portafolio taller\proyecto\micodigo\efk\efk\release\mjday_tdb.obj
c:\users\usuariolocal\desktop\portafolio taller\proyecto\micodigo\efk\efk\release\mjday.obj
c:\users\usuariolocal\desktop\portafolio taller\proyecto\micodigo\efk\efk\release\measupdate.obj
c:\users\usuariolocal\desktop\portafolio taller\proyecto\micodigo\efk\efk\release\meanobliquity.obj
c:\users\usuariolocal\desktop\portafolio taller\proyecto\micodigo\efk\efk\release\main.obj
c:\users\usuariolocal\desktop\portafolio taller\proyecto\micodigo\efk\efk\release\ltc.obj
c:\users\usuariolocal\desktop\portafolio taller\proyecto\micodigo\efk\efk\release\legendre.obj
c:\users\usuariolocal\desktop\portafolio taller\proyecto\micodigo\efk\efk\release\jpl_eph_de430.obj
c:\users\usuariolocal\desktop\portafolio taller\proyecto\micodigo\efk\efk\release\iers.obj
c:\users\usuariolocal\desktop\portafolio taller\proyecto\micodigo\efk\efk\release\vareqn.obj
c:\users\usuariolocal\desktop\portafolio taller\proyecto\micodigo\efk\efk\release\unit.obj
c:\users\usuariolocal\desktop\portafolio taller\proyecto\micodigo\efk\efk\release\timeupdate.obj
c:\users\usuariolocal\desktop\portafolio taller\proyecto\micodigo\efk\efk\release\timediff.obj
c:\users\usuariolocal\desktop\portafolio taller\proyecto\micodigo\efk\efk\release\testunit.obj
c:\users\usuariolocal\desktop\portafolio taller\proyecto\micodigo\efk\efk\release\testiod_kf.obj
c:\users\usuariolocal\desktop\portafolio taller\proyecto\micodigo\efk\efk\release\testtimediff.obj
c:\users\usuariolocal\desktop\portafolio taller\proyecto\micodigo\efk\efk\release\testr_z.obj
c:\users\usuariolocal\desktop\portafolio taller\proyecto\micodigo\efk\efk\release\testr_y.obj
c:\users\usuariolocal\desktop\portafolio taller\proyecto\micodigo\efk\efk\release\testr_x.obj
c:\users\usuariolocal\desktop\portafolio taller\proyecto\micodigo\efk\efk\release\variostest.obj
c:\users\usuariolocal\desktop\portafolio taller\proyecto\micodigo\efk\efk\release\testlegendre.obj
c:\users\usuariolocal\desktop\portafolio taller\proyecto\micodigo\efk\efk\release\testgmst.obj
c:\users\usuariolocal\desktop\portafolio taller\proyecto\micodigo\efk\efk\release\testgast.obj
c:\users\usuariolocal\desktop\portafolio taller\proyecto\micodigo\efk\efk\release\testeqnequinox.obj
c:\users\usuariolocal\desktop\portafolio taller\proyecto\micodigo\efk\efk\release\testeccanom.obj
c:\users\usuariolocal\desktop\portafolio taller\proyecto\micodigo\efk\efk\release\testdoubler.obj
c:\users\usuariolocal\desktop\portafolio taller\proyecto\micodigo\efk\efk\release\testcheb3d.obj
c:\users\usuariolocal\desktop\portafolio taller\proyecto\micodigo\efk\efk\release\rpoly.obj
c:\users\usuariolocal\desktop\portafolio taller\proyecto\micodigo\efk\efk\release\quartic.obj
c:\users\usuariolocal\desktop\portafolio taller\proyecto\micodigo\efk\efk\release\hgibbs.obj
c:\users\usuariolocal\desktop\portafolio taller\proyecto\micodigo\efk\efk\release\gibbs.obj
c:\users\usuariolocal\desktop\portafolio taller\proyecto\micodigo\efk\efk\release\anglesg.obj
c:\users\usuariolocal\desktop\portafolio taller\proyecto\micodigo\efk\efk\release\efk.tlog\cl.command.1.tlog
c:\users\usuariolocal\desktop\portafolio taller\proyecto\micodigo\efk\efk\release\efk.tlog\cl.read.1.tlog
c:\users\usuariolocal\desktop\portafolio taller\proyecto\micodigo\efk\efk\release\efk.tlog\cl.write.1.tlog
c:\users\usuariolocal\desktop\portafolio taller\proyecto\micodigo\efk\efk\release\efk.tlog\link.command.1.tlog
c:\users\usuariolocal\desktop\portafolio taller\proyecto\micodigo\efk\efk\release\efk.tlog\link.read.1.tlog
c:\users\usuariolocal\desktop\portafolio taller\proyecto\micodigo\efk\efk\release\efk.tlog\link.write.1.tlog
